app/build/outputs/mapping/release/seeds.txt
com.yangcy.gofish.data.api.WeatherResponse
com.yangcy.gofish.data.api.CurrentWeather
com.yangcy.gofish.GoFishApplication
com.yangcy.gofish.MainActivity
com.yangcy.gofish.data.api.CurrentWeatherJsonAdapter
com.yangcy.gofish.data.database.AppDatabase_Impl
com.yangcy.gofish.data.api.WeatherResponseJsonAdapter
com.yangcy.gofish.ui.viewmodel.FishViewModel
com.yangcy.gofish.data.api.WeatherApiService
com.yangcy.gofish.data.database.AppDatabase
com.yangcy.gofish.data.api.WeatherResponse: com.yangcy.gofish.data.api.WeatherResponse copy(double,double,com.yangcy.gofish.data.api.CurrentWeather)
com.yangcy.gofish.ui.screens.DocType: com.yangcy.gofish.ui.screens.DocType[] values()
com.yangcy.gofish.data.database.AppDatabase: AppDatabase()
com.yangcy.gofish.GoFishApplication: GoFishApplication()
com.yangcy.gofish.data.api.CurrentWeather: void getTime$annotations()
com.yangcy.gofish.data.api.CurrentWeather: com.yangcy.gofish.data.api.CurrentWeather copy(double,double,double,int,java.lang.String)
com.yangcy.gofish.data.api.CurrentWeather: void getWindDirection$annotations()
com.yangcy.gofish.data.api.CurrentWeather: void getWeatherCode$annotations()
com.yangcy.gofish.data.api.CurrentWeather: CurrentWeather(double,double,double,int,java.lang.String)
com.yangcy.gofish.data.database.AppDatabase_Impl: AppDatabase_Impl()
com.yangcy.gofish.data.api.WeatherResponse: WeatherResponse(double,double,com.yangcy.gofish.data.api.CurrentWeather)
com.yangcy.gofish.data.api.WeatherResponse: void getLongitude$annotations()
com.yangcy.gofish.ui.screens.DocType: com.yangcy.gofish.ui.screens.DocType valueOf(java.lang.String)
com.yangcy.gofish.MainActivity: MainActivity()
com.yangcy.gofish.data.api.WeatherResponse: void getLatitude$annotations()
com.yangcy.gofish.data.api.CurrentWeather: void getTemperature$annotations()
com.yangcy.gofish.data.api.WeatherApiService: java.lang.Object getWeather(double,double,boolean,java.lang.String,kotlin.coroutines.Continuation)
com.yangcy.gofish.data.api.CurrentWeatherJsonAdapter: CurrentWeatherJsonAdapter(com.squareup.moshi.Moshi)
com.yangcy.gofish.ui.viewmodel.FishViewModel: FishViewModel(android.app.Application)
com.yangcy.gofish.data.api.WeatherResponse: void getCurrentWeather$annotations()
com.yangcy.gofish.data.api.CurrentWeather: void getWindSpeed$annotations()
com.yangcy.gofish.data.api.WeatherResponseJsonAdapter: WeatherResponseJsonAdapter(com.squareup.moshi.Moshi)
...
kotlin.reflect.jvm.internal.impl.types.TypeUsage: kotlin.reflect.jvm.internal.impl.types.TypeUsage[] values()
com.amap.api.maps.MapView: com.amap.api.maps.AMap getMap()
com.amap.api.maps.model.HeatMapGridLayer: void setVisible(boolean)
com.amap.api.services.weather.WeatherSearchQuery: java.lang.Object clone()
com.efs.sdk.memleaksdk.monitor.internal.ak$v: java.util.List a()
com.amap.api.maps.model.particle.RandomVelocityBetweenTwoConstants: float getX()
kotlin.time.DurationUnit: kotlin.time.DurationUnit valueOf(java.lang.String)
com.amap.api.maps.model.RouteOverlay: void setSelectStatus(boolean)
com.amap.api.services.busline.BusLineResult: java.util.List getSearchSuggestionKeywords()
com.amap.api.maps.offlinemap.OfflineMapProvince$1: java.lang.Object[] newArray(int)
com.amap.api.col.3l.hl: int b()
com.amap.api.services.geocoder.AoiItem: void writeToParcel(android.os.Parcel,int)
com.amap.api.col.s.aw: void setOnCloudSearchListener(com.amap.api.services.cloud.CloudSearch$OnCloudSearchListener)
com.efs.sdk.memleaksdk.monitor.internal.al: java.util.List c()
androidx.compose.ui.platform.AndroidComposeView: androidx.compose.ui.node.OwnerSnapshotObserver getSnapshotObserver()
com.amap.api.maps.model.GroundOverlay: void setPosition(com.amap.api.maps.model.LatLng)
com.efs.sdk.memleaksdk.monitor.UMonitorConfigJava: int access$702(com.efs.sdk.memleaksdk.monitor.UMonitorConfigJava,int)
androidx.activity.EdgeToEdgeApi23: void setUp(androidx.activity.SystemBarStyle,androidx.activity.SystemBarStyle,android.view.Window,android.view.View,boolean,boolean)
com.amap.api.services.route.TruckRouteRestult$1: java.lang.Object createFromParcel(android.os.Parcel)
com.amap.api.maps.model.HeatmapTileProvider: double[] a(int,double)
com.amap.api.col.3l.fm: boolean a(java.lang.String,boolean)
com.amap.api.col.3l.fx: java.lang.String b(java.lang.String)
com.amap.api.col.s.cw: java.net.Socket a(java.net.Socket)
com.umeng.commonsdk.debug.W: W()
com.umeng.analytics.pro.bm: bm()
com.umeng.commonsdk.statistics.common.DataHelper: DataHelper()
com.amap.api.maps.MapsInitializer: void updatePrivacyShow(android.content.Context,boolean,boolean)
com.efs.sdk.memleaksdk.monitor.internal.s: com.efs.sdk.memleaksdk.monitor.internal.r a()
com.amap.api.maps.model.Marker: boolean isVisible()
com.amap.api.col.3l.et: long getChildId(int,int)
com.autonavi.amap.mapcore.interfaces.IAMap: void setMapStatusLimits(com.amap.api.maps.model.LatLngBounds)
com.amap.api.services.route.DistanceResult: com.amap.api.services.route.DistanceSearch$DistanceQuery getDistanceQuery()
com.efs.sdk.memleaksdk.monitor.internal.cf: boolean h()
com.amap.api.services.route.TimeInfosElement: void setTMCs(java.util.List)
com.autonavi.amap.api.mapcore.IGLMapState: float getCameraDegree()
com.efs.sdk.base.samplingwhitelist.SamplingWhiteListUtil: void setHitWL(boolean)
com.amap.api.location.AMapLocationClient: AMapLocationClient(android.content.Context,android.content.Intent)
com.umeng.commonsdk.internal.utils.k: void b(android.content.Context)
com.umeng.analytics.pro.d$a: android.os.IBinder asBinder()
com.amap.api.maps.model.MarkerOptions: float getAltitude()
com.amap.api.maps.model.Tile: Tile(int,int,byte[],boolean)
com.efs.sdk.memleaksdk.monitor.internal.ak$ar$a: java.lang.Object invoke(java.lang.Object)
com.amap.api.col.3l.bl: int g()
com.amap.api.col.s.be$4: void run()
androidx.compose.ui.platform.AndroidComposeView: androidx.compose.ui.input.pointer.PointerIconService getPointerIconService()
com.umeng.analytics.pro.r: void h()
com.efs.sdk.memleaksdk.monitor.internal.bi: java.lang.String toString()
com.amap.api.maps.model.TileProvider: int getTileWidth()
androidx.core.view.WindowInsetsCompat$Impl21: void setStableInsets(androidx.core.graphics.Insets)
com.umeng.commonsdk.framework.UMFrUtils: boolean checkPermission(android.content.Context,java.lang.String)
com.amap.api.col.3l.e: void a()
com.umeng.umcrash.custom_exception.UMCustomLogInfoBuilder: UMCustomLogInfoBuilder(java.lang.String)