app/build/outputs/mapping/release/usage.txt
com.yangcy.gofish.BuildConfig
com.yangcy.gofish.GoFishApplication:
    public static final int $stable
com.yangcy.gofish.MainActivity:
    public static final int $stable
com.yangcy.gofish.R$color
com.yangcy.gofish.R$drawable:
    public static int ic_launcher_background
    private void <init>()
com.yangcy.gofish.R$mipmap
com.yangcy.gofish.R$string
com.yangcy.gofish.R$style
com.yangcy.gofish.R$xml
com.yangcy.gofish.R
com.yangcy.gofish.data.api.ApiClient:
    public static final int $stable
com.yangcy.gofish.data.api.CurrentWeather:
    public static final int $stable
    public final double component1()
    public final double component2()
    public final double component3()
    public final int component4()
    public final java.lang.String component5()
    public static synthetic com.yangcy.gofish.data.api.CurrentWeather copy$default(com.yangcy.gofish.data.api.CurrentWeather,double,double,double,int,java.lang.String,int,java.lang.Object)
com.yangcy.gofish.data.api.CurrentWeatherJsonAdapter:
    public static final int $stable
com.yangcy.gofish.data.api.WeatherApiService$DefaultImpls
com.yangcy.gofish.data.api.WeatherResponse:
    public static final int $stable
    public final double component1()
    public final double component2()
    public final com.yangcy.gofish.data.api.CurrentWeather component3()
    public static synthetic com.yangcy.gofish.data.api.WeatherResponse copy$default(com.yangcy.gofish.data.api.WeatherResponse,double,double,com.yangcy.gofish.data.api.CurrentWeather,int,java.lang.Object)
com.yangcy.gofish.data.api.WeatherResponseJsonAdapter:
    public static final int $stable
com.yangcy.gofish.data.database.AppDatabase:
    public static final int DATABASE_VERSION
com.yangcy.gofish.data.database.AppDatabase_Impl:
    public static final int $stable
    public void clearAllTables()
com.yangcy.gofish.data.database.CatchLogDao:
    public abstract java.lang.Object deleteById(int,kotlin.coroutines.Continuation)
com.yangcy.gofish.data.database.CatchLogDao_Impl:
    public static final int $stable
    public java.lang.Object deleteById(int,kotlin.coroutines.Continuation)
    private static final kotlin.Unit deleteById$lambda$0(java.lang.String,int,androidx.sqlite.SQLiteConnection)
com.yangcy.gofish.data.database.FishingSpotDao:
    public abstract java.lang.Object deleteById(int,kotlin.coroutines.Continuation)
    public abstract java.lang.Object updateSyncStatus(int,boolean,kotlin.coroutines.Continuation)
com.yangcy.gofish.data.database.FishingSpotDao_Impl:
    public static final int $stable
    public java.lang.Object deleteById(int,kotlin.coroutines.Continuation)
    private static final kotlin.Unit deleteById$lambda$0(java.lang.String,int,androidx.sqlite.SQLiteConnection)
    public java.lang.Object updateSyncStatus(int,boolean,kotlin.coroutines.Continuation)
    private static final kotlin.Unit updateSyncStatus$lambda$0(java.lang.String,boolean,int,androidx.sqlite.SQLiteConnection)
com.yangcy.gofish.data.model.CatchLog:
    public final int component1()
    public final java.lang.String component10()
    public final java.lang.String component2()
    public final java.lang.String component3()
    public final long component4()
    public final java.lang.String component5()
    public final java.lang.String component6()
    public final double component7()
    public final double component8()
    public final java.lang.String component9()
    public final com.yangcy.gofish.data.model.CatchLog copy(int,java.lang.String,java.lang.String,long,java.lang.String,java.lang.String,double,double,java.lang.String,java.lang.String)
    public static synthetic com.yangcy.gofish.data.model.CatchLog copy$default(com.yangcy.gofish.data.model.CatchLog,int,java.lang.String,java.lang.String,long,java.lang.String,java.lang.String,double,double,java.lang.String,java.lang.String,int,java.lang.Object)
...
kotlin.reflect.jvm.internal.impl.resolve.scopes.receivers.ThisClassReceiver
kotlin.reflect.jvm.internal.impl.resolve.scopes.receivers.TransientReceiver:
    public static synthetic void $$$reportNull$$$0(int)
kotlin.reflect.jvm.internal.impl.serialization.SerializerExtensionProtocol
kotlin.reflect.jvm.internal.impl.serialization.deserialization.AbstractDeserializedPackageFragmentProvider$fragments$1:
    public final kotlin.reflect.jvm.internal.impl.descriptors.PackageFragmentDescriptor invoke()
kotlin.reflect.jvm.internal.impl.serialization.deserialization.AbstractDeserializedPackageFragmentProvider
kotlin.reflect.jvm.internal.impl.serialization.deserialization.AnnotatedCallableKind$EnumUnboxingLocalUtility:
    static void <clinit>()
    public static int _valueOf(java.lang.String)
    public static int[] _values()
    public static synthetic java.lang.String name(int)
    public static synthetic int valueOf(java.lang.String)
kotlin.reflect.jvm.internal.impl.serialization.deserialization.AnnotatedCallableKind
kotlin.reflect.jvm.internal.impl.serialization.deserialization.AnnotationAndConstantLoaderImpl$WhenMappings
kotlin.reflect.jvm.internal.impl.serialization.deserialization.AnnotationAndConstantLoaderImpl:
    public static kotlin.reflect.jvm.internal.impl.resolve.constants.ConstantValue loadAnnotationDefaultValue()
    public static kotlin.reflect.jvm.internal.impl.resolve.constants.ConstantValue loadPropertyConstant()
kotlin.reflect.jvm.internal.impl.serialization.deserialization.AnnotationDeserializer:
    public static kotlin.reflect.jvm.internal.impl.builtins.KotlinBuiltIns getBuiltIns()
kotlin.reflect.jvm.internal.impl.serialization.deserialization.ClassData:
    public static kotlin.reflect.jvm.internal.impl.metadata.deserialization.NameResolver component1()
    public static kotlin.reflect.jvm.internal.impl.metadata.ProtoBuf$Class component2()
    public static kotlin.reflect.jvm.internal.impl.metadata.deserialization.BinaryVersion component3()
    public static kotlin.reflect.jvm.internal.impl.descriptors.SourceElement component4()
kotlin.reflect.jvm.internal.impl.serialization.deserialization.ClassDeserializer$ClassKey:
    public static kotlin.reflect.jvm.internal.impl.serialization.deserialization.ClassData getClassData()
    public static kotlin.reflect.jvm.internal.impl.name.ClassId getClassId()
kotlin.reflect.jvm.internal.impl.serialization.deserialization.ClassDeserializer$Companion
kotlin.reflect.jvm.internal.impl.serialization.deserialization.ClassDeserializer$classes$1:
    public static kotlin.reflect.jvm.internal.impl.descriptors.ClassDescriptor invoke$5()
kotlin.reflect.jvm.internal.impl.serialization.deserialization.ClassDeserializer:
    public static final kotlin.reflect.jvm.internal.impl.serialization.deserialization.ClassDeserializer$Companion Companion
kotlin.reflect.jvm.internal.impl.serialization.deserialization.ContractDeserializer$Companion$DEFAULT$1:
    public final kotlin.Pair deserializeContractFromFunction()
kotlin.reflect.jvm.internal.impl.serialization.deserialization.ContractDeserializer$Companion:
    public static final synthetic kotlin.reflect.jvm.internal.impl.serialization.deserialization.ContractDeserializer$Companion $$INSTANCE
    public static kotlin.reflect.jvm.internal.impl.serialization.deserialization.ContractDeserializer getDEFAULT()
kotlin.reflect.jvm.internal.impl.serialization.deserialization.ContractDeserializer